[TestNG-test=TC_searchProduct-1] INFO  Automation practice  - Url is opened
[TestNG-test=TC_searchProduct-1] INFO  Automation practice  - Entered Value- Dresses
[TestNG-test=TC_searchProduct-1] INFO  Automation practice  - Click on search button
[TestNG-test=TC_searchProduct-1] INFO  Automation practice  - Click on Product
[TestNG-test=TC_searchProduct-1] INFO  Automation practice  - Url is opened
[TestNG-test=TC_searchProduct-1] INFO  Automation practice  - Entered Value- Dresses
[TestNG-test=TC_searchProduct-1] INFO  Automation practice  - Click on search button
[TestNG-test=TC_searchProduct-1] INFO  Automation practice  - Click on Product
[TestNG-test=TC_searchProduct-1] INFO  Automation practice  - Url is opened
[TestNG-test=TC_searchProduct-1] INFO  Automation practice  - Entered Value- Dresses
[TestNG-test=TC_searchProduct-1] INFO  Automation practice  - Click on search button
[TestNG-test=TC_searchProduct-1] INFO  Automation practice  - Click on Product
[TestNG-test=TC_searchProduct-1] INFO  Automation practice  - Url is opened
[TestNG-test=TC_searchProduct-1] INFO  Automation practice  - Entered Value- Dresses
[TestNG-test=TC_searchProduct-1] INFO  Automation practice  - Click on search button
[TestNG-test=TC_searchProduct-1] INFO  Automation practice  - Click on Product
[TestNG-test=TC_searchProduct-1] INFO  Automation practice  - Url is opened
[TestNG-test=TC_searchProduct-1] INFO  Automation practice  - Entered Value- Dresses
[TestNG-test=TC_searchProduct-1] INFO  Automation practice  - Click on search button
[TestNG-test=TC_searchProduct-1] INFO  Automation practice  - Click on Product
[TestNG-test=TC_searchProduct-1] INFO  Automation practice  - Url is opened
[TestNG-test=TC_searchProduct-1] INFO  Automation practice  - Entered Value- Dresses
[TestNG-test=TC_searchProduct-1] INFO  Automation practice  - Click on search button
[TestNG-test=TC_searchProduct-1] INFO  Automation practice  - Click on Product
[TestNG-test=TC_searchProduct-1] INFO  Automation practice  - Url is opened
[TestNG-test=TC_searchProduct-1] INFO  Automation practice  - Entered Value- Dresses
[TestNG-test=TC_searchProduct-1] INFO  Automation practice  - Click on search button
[TestNG-test=TC_searchProduct-1] INFO  Automation practice  - Click on Product
[TestNG-test=TC_searchProduct-1] INFO  Automation practice  - Click on Add to cart button
[TestNG-test=TC_searchProduct-1] INFO  Automation practice  - Url is opened
[TestNG-test=TC_searchProduct-1] INFO  Automation practice  - Entered Value- Dresses
[TestNG-test=TC_searchProduct-1] INFO  Automation practice  - Click on search button
[TestNG-test=TC_searchProduct-1] INFO  Automation practice  - Click on Product
[TestNG-test=TC_searchProduct-1] INFO  Automation practice  - Click on Add to cart button
[TestNG-test=TC_searchProduct-1] INFO  Automation practice  - Click on Procced to checkout button
[TestNG-test=TC_searchProduct-1] INFO  Automation practice  - Url is opened
[TestNG-test=TC_searchProduct-1] INFO  Automation practice  - Entered Value- Dresses
[TestNG-test=TC_searchProduct-1] INFO  Automation practice  - Click on search button
[TestNG-test=TC_searchProduct-1] INFO  Automation practice  - Click on Product
[TestNG-test=TC_searchProduct-1] INFO  Automation practice  - Click on Add to cart button
[TestNG-test=TC_searchProduct-1] INFO  Automation practice  - Click on Procced to checkout button
[TestNG-test=TC_searchProduct-1] INFO  Automation practice  - Click on Procced to checkout button
[TestNG-test=TC_searchProduct-1] INFO  Automation practice  - Url is opened
[TestNG-test=TC_searchProduct-1] INFO  Automation practice  - Entered Value- Dresses
[TestNG-test=TC_searchProduct-1] INFO  Automation practice  - Click on search button
[TestNG-test=TC_searchProduct-1] INFO  Automation practice  - Click on Product
[TestNG-test=TC_searchProduct-1] INFO  Automation practice  - Click on Add to cart button
[TestNG-test=TC_searchProduct-1] INFO  Automation practice  - Click on Procced to checkout button
[TestNG-test=TC_searchProduct-1] INFO  Automation practice  - Click on Procced to checkout button
[TestNG-test=TC_searchProduct-1] INFO  Automation practice  - Url is opened
[TestNG-test=TC_searchProduct-1] INFO  Automation practice  - Entered Value- Dresses
[TestNG-test=TC_searchProduct-1] INFO  Automation practice  - Click on search button
[TestNG-test=TC_searchProduct-1] INFO  Automation practice  - Click on Product
[TestNG-test=TC_searchProduct-1] INFO  Automation practice  - Click on + button
[TestNG-test=TC_searchProduct-1] INFO  Automation practice  - Click on Add to cart button
[TestNG-test=TC_searchProduct-1] INFO  Automation practice  - Click on Procced to checkout button
[TestNG-test=TC_searchProduct-1] INFO  Automation practice  - Url is opened
[TestNG-test=TC_searchProduct-1] INFO  Automation practice  - Entered Value- Dresses
[TestNG-test=TC_searchProduct-1] INFO  Automation practice  - Click on search button
[TestNG-test=TC_searchProduct-1] INFO  Automation practice  - Click on Product
[TestNG-test=TC_searchProduct-1] INFO  Automation practice  - Click on + button
[TestNG-test=TC_searchProduct-1] INFO  Automation practice  - Click on Add to cart button
[TestNG-test=TC_searchProduct-1] INFO  Automation practice  - Click on Procced to checkout button
[TestNG-test=TC_searchProduct-1] INFO  Automation practice  - Click on Procced to checkout button
[TestNG-test=TC_searchProduct-1] INFO  Automation practice  - Url is opened
[TestNG-test=TC_searchProduct-1] INFO  Automation practice  - Entered Value- Dresses
[TestNG-test=TC_searchProduct-1] INFO  Automation practice  - Click on search button
[TestNG-test=TC_searchProduct-1] INFO  Automation practice  - Click on Product
[TestNG-test=TC_searchProduct-1] INFO  Automation practice  - Click on + button
[TestNG-test=TC_searchProduct-1] INFO  Automation practice  - Click on Add to cart button
[TestNG-test=TC_searchProduct-1] INFO  Automation practice  - Click on Procced to checkout button
[TestNG-test=TC_searchProduct-1] INFO  Automation practice  - Url is opened
[TestNG-test=TC_searchProduct-1] INFO  Automation practice  - Entered Value- Dresses
[TestNG-test=TC_searchProduct-1] INFO  Automation practice  - Click on search button
[TestNG-test=TC_searchProduct-1] INFO  Automation practice  - Click on Product
[TestNG-test=TC_searchProduct-1] INFO  Automation practice  - Click on + button
[TestNG-test=TC_searchProduct-1] INFO  Automation practice  - Click on Add to cart button
[TestNG-test=TC_searchProduct-1] INFO  Automation practice  - Click on Procced to checkout button
[TestNG-test=TC_searchProduct-1] INFO  Automation practice  - Click on Procced to checkout button
[TestNG-test=TC_searchProduct-1] INFO  Automation practice  - Url is opened
[TestNG-test=TC_searchProduct-1] INFO  Automation practice  - Entered Value- Dresses
[TestNG-test=TC_searchProduct-1] INFO  Automation practice  - Click on search button
[TestNG-test=TC_searchProduct-1] INFO  Automation practice  - Click on Product
[TestNG-test=TC_searchProduct-1] INFO  Automation practice  - Click on + button
[TestNG-test=TC_searchProduct-1] INFO  Automation practice  - Click on Add to cart button
[TestNG-test=TC_searchProduct-1] INFO  Automation practice  - Click on Procced to checkout button
[TestNG-test=TC_searchProduct-1] INFO  Automation practice  - Click on Procced to checkout button
[TestNG-test=TC_searchProduct-1] INFO  Automation practice  - Url is opened
[TestNG-test=TC_searchProduct-1] INFO  Automation practice  - Entered Value- Dresses
[TestNG-test=TC_searchProduct-1] INFO  Automation practice  - Click on search button
[TestNG-test=TC_searchProduct-1] INFO  Automation practice  - Click on Product
[TestNG-test=TC_searchProduct-1] INFO  Automation practice  - Click on + button
[TestNG-test=TC_searchProduct-1] INFO  Automation practice  - Click on Add to cart button
[TestNG-test=TC_searchProduct-1] INFO  Automation practice  - Click on Procced to checkout button
[TestNG-test=TC_searchProduct-1] INFO  Automation practice  - Click on Procced to checkout button
